<?xml version="1.0" encoding="UTF-8"?>
<testng-results ignored="0" total="1" passed="1" failed="0" skipped="0">
  <reporter-output>
  </reporter-output>
  <suite started-at="2023-08-19T12:04:47 SGT" name="Default suite" finished-at="2023-08-19T12:04:48 SGT" duration-ms="776">
    <groups>
    </groups>
    <test started-at="2023-08-19T12:04:47 SGT" name="Default test" finished-at="2023-08-19T12:04:48 SGT" duration-ms="776">
      <class name="ExcelRead1.E1">
        <test-method signature="readexcel()[pri:0, instance:ExcelRead1.E1@563f38c4]" started-at="2023-08-19T12:04:47 SGT" name="readexcel" finished-at="2023-08-19T12:04:48 SGT" duration-ms="728" status="PASS">
          <reporter-output>
          </reporter-output>
        </test-method> <!-- readexcel -->
      </class> <!-- ExcelRead1.E1 -->
    </test> <!-- Default test -->
  </suite> <!-- Default suite -->
</testng-results>
