<?xml version="1.0" encoding="UTF-8"?>
<testng-results ignored="0" total="1" passed="1" failed="0" skipped="0">
  <reporter-output>
  </reporter-output>
  <suite started-at="2023-09-15T13:10:47Z" name="Default suite" finished-at="2023-09-15T13:10:50Z" duration-ms="3076">
    <groups>
    </groups>
    <test started-at="2023-09-15T13:10:47Z" name="Default test" finished-at="2023-09-15T13:10:50Z" duration-ms="3076">
      <class name="JenkinsPackage.B1">
        <test-method signature="t2()[pri:0, instance:JenkinsPackage.B1@455b6df1]" started-at="2023-09-15T13:10:47Z" name="t2" finished-at="2023-09-15T13:10:50Z" duration-ms="3062" status="PASS">
          <reporter-output>
          </reporter-output>
        </test-method> <!-- t2 -->
      </class> <!-- JenkinsPackage.B1 -->
    </test> <!-- Default test -->
  </suite> <!-- Default suite -->
</testng-results>
