<?xml version="1.0" encoding="UTF-8"?>
<testng-results ignored="0" total="1" passed="1" failed="0" skipped="0">
  <reporter-output>
  </reporter-output>
  <suite started-at="2023-09-03T11:47:36 SGT" name="Default suite" finished-at="2023-09-03T11:47:51 SGT" duration-ms="14705">
    <groups>
    </groups>
    <test started-at="2023-09-03T11:47:36 SGT" name="Default test" finished-at="2023-09-03T11:47:51 SGT" duration-ms="14705">
      <class name="AutoITEX1.a1">
        <test-method signature="t1()[pri:0, instance:AutoITEX1.a1@793f29ff]" started-at="2023-09-03T11:47:36 SGT" name="t1" finished-at="2023-09-03T11:47:51 SGT" duration-ms="14656" status="PASS">
          <reporter-output>
          </reporter-output>
        </test-method> <!-- t1 -->
      </class> <!-- AutoITEX1.a1 -->
    </test> <!-- Default test -->
  </suite> <!-- Default suite -->
</testng-results>
