<?xml version="1.0" encoding="UTF-8"?>
<testng-results ignored="0" total="1" passed="1" failed="0" skipped="0">
  <reporter-output>
  </reporter-output>
  <suite started-at="2023-08-27T11:43:08 SGT" name="Default suite" finished-at="2023-08-27T11:43:10 SGT" duration-ms="1824">
    <groups>
    </groups>
    <test started-at="2023-08-27T11:43:08 SGT" name="Default test" finished-at="2023-08-27T11:43:10 SGT" duration-ms="1824">
      <class name="Extenreport.c1">
        <test-method is-config="true" signature="startTest()[pri:0, instance:Extenreport.c1@16eb3ea3]" started-at="2023-08-27T11:43:08 SGT" name="startTest" finished-at="2023-08-27T11:43:08 SGT" duration-ms="106" status="PASS">
          <reporter-output>
          </reporter-output>
        </test-method> <!-- startTest -->
        <test-method signature="extentReportsDemo()[pri:0, instance:Extenreport.c1@16eb3ea3]" started-at="2023-08-27T11:43:08 SGT" name="extentReportsDemo" finished-at="2023-08-27T11:43:10 SGT" duration-ms="1529" status="PASS">
          <reporter-output>
          </reporter-output>
        </test-method> <!-- extentReportsDemo -->
        <test-method is-config="true" signature="endTest()[pri:0, instance:Extenreport.c1@16eb3ea3]" started-at="2023-08-27T11:43:10 SGT" name="endTest" finished-at="2023-08-27T11:43:10 SGT" duration-ms="154" status="PASS">
          <reporter-output>
          </reporter-output>
        </test-method> <!-- endTest -->
      </class> <!-- Extenreport.c1 -->
    </test> <!-- Default test -->
  </suite> <!-- Default suite -->
</testng-results>
